#
# A fatal error has been detected by the Java Runtime Environment:
#
#  Internal Error (javaClasses.cpp:136), pid=4500, tid=1732
#  fatal error: Invalid layout of preloaded class
#
# JRE version:  (7.0_45-b18) (build )
# Java VM: Java HotSpot(TM) 64-Bit Server VM (24.45-b08 mixed mode windows-amd64 compressed oops)
# Failed to write core dump. Minidumps are not enabled by default on client versions of Windows
#
# If you would like to submit a bug report, please visit:
#   http://bugreport.sun.com/bugreport/crash.jsp
#

---------------  T H R E A D  ---------------

Current thread (0x0000000002b50800):  JavaThread "Unknown thread" [_thread_in_vm, id=1732, stack(0x00000000029f0000,0x0000000002af0000)]

Stack: [0x00000000029f0000,0x0000000002af0000]

---------------  P R O C E S S  ---------------

Java Threads: ( => current thread )

Other Threads:

=>0x0000000002b50800 (exited) JavaThread "Unknown thread" [_thread_in_vm, id=1732, stack(0x00000000029f0000,0x0000000002af0000)]

VM state:not at safepoint (not fully initialized)

VM Mutex/Monitor currently owned by a thread: None

GC Heap History (0 events):
No events

Deoptimization events (0 events):
No events

Internal exceptions (0 events):
No events

Events (10 events):
Event: 0.021 loading class 0x0000000002b951c0 done
Event: 0.021 loading class 0x0000000002b94be0 done
Event: 0.021 loading class 0x0000000002b94bc0
Event: 0.021 loading class 0x0000000002b9ccc0
Event: 0.021 loading class 0x0000000002b9ccc0 done
Event: 0.021 loading class 0x0000000002b9ccf0
Event: 0.021 loading class 0x0000000002b9ccf0 done
Event: 0.021 loading class 0x0000000002b9cd20
Event: 0.021 loading class 0x0000000002b9cd20 done
Event: 0.021 loading class 0x0000000002b94bc0 done


Dynamic libraries:
0x000007f768f80000 - 0x000007f768fb3000 	C:\Program Files\Java\jre7\bin\javaw.exe
0x000007fc7e2c0000 - 0x000007fc7e480000 	C:\Windows\SYSTEM32\ntdll.dll
0x000007fc7c500000 - 0x000007fc7c636000 	C:\Windows\system32\KERNEL32.DLL
0x000007fc7b4b0000 - 0x000007fc7b5a3000 	C:\Windows\system32\KERNELBASE.dll
0x000007fc7c650000 - 0x000007fc7c72e000 	C:\Windows\system32\ADVAPI32.dll
0x000007fc7cc90000 - 0x000007fc7cddc000 	C:\Windows\system32\USER32.dll
0x000007fc78d50000 - 0x000007fc78fba000 	C:\Windows\WinSxS\amd64_microsoft.windows.common-controls_6595b64144ccf1df_6.0.9200.16579_none_418ab7ef718b27ef\COMCTL32.dll
0x000007fc7e210000 - 0x000007fc7e2b5000 	C:\Windows\system32\msvcrt.dll
0x000007fc7b800000 - 0x000007fc7b848000 	C:\Windows\SYSTEM32\sechost.dll
0x000007fc7e0c0000 - 0x000007fc7e205000 	C:\Windows\system32\RPCRT4.dll
0x000007fc7bd40000 - 0x000007fc7be81000 	C:\Windows\system32\GDI32.dll
0x000007fc7bcf0000 - 0x000007fc7bd29000 	C:\Windows\system32\IMM32.DLL
0x000007fc7c900000 - 0x000007fc7ca16000 	C:\Windows\system32\MSCTF.dll
0x0000000064c60000 - 0x0000000064d32000 	C:\Program Files\Java\jre7\bin\msvcr100.dll
0x0000000064490000 - 0x0000000064c59000 	C:\Program Files\Java\jre7\bin\server\jvm.dll
0x000007fc75820000 - 0x000007fc75829000 	C:\Windows\SYSTEM32\WSOCK32.dll
0x000007fc75330000 - 0x000007fc75350000 	C:\Windows\SYSTEM32\WINMM.dll
0x000007fc7ca20000 - 0x000007fc7ca27000 	C:\Windows\system32\PSAPI.DLL
0x000007fc7b850000 - 0x000007fc7b8a8000 	C:\Windows\system32\WS2_32.dll
0x000007fc752f0000 - 0x000007fc75323000 	C:\Windows\SYSTEM32\WINMMBASE.dll
0x000007fc7c640000 - 0x000007fc7c649000 	C:\Windows\system32\NSI.dll
0x000007fc7b5b0000 - 0x000007fc7b5ff000 	C:\Windows\SYSTEM32\cfgmgr32.dll
0x000007fc7b2a0000 - 0x000007fc7b2c2000 	C:\Windows\system32\DEVOBJ.dll
0x0000000064480000 - 0x000000006448f000 	C:\Program Files\Java\jre7\bin\verify.dll
0x0000000064450000 - 0x0000000064478000 	C:\Program Files\Java\jre7\bin\java.dll
0x0000000063e60000 - 0x0000000063e95000 	C:\Program Files\Java\jre7\bin\jdwp.dll
0x0000000063e50000 - 0x0000000063e58000 	C:\Program Files\Java\jre7\bin\npt.dll
0x0000000064430000 - 0x0000000064445000 	C:\Program Files\Java\jre7\bin\zip.dll

VM Arguments:
jvm_args: -agentlib:jdwp=transport=dt_socket,suspend=y,address=localhost:53191 -Dfile.encoding=Cp1252 -Xbootclasspath:C:\Android\adt-bundle-windows-x86_64-20131030\sdk\platforms\android-19\android.jar 
java_command: com.rest.TestMain
Launcher Type: SUN_STANDARD

Environment Variables:
PATH=C:\Windows\system32;C:\Windows;C:\Windows\System32\Wbem;C:\Windows\System32\WindowsPowerShell\v1.0\;C:\Android\
USERNAME=Vincent
OS=Windows_NT
PROCESSOR_IDENTIFIER=Intel64 Family 6 Model 58 Stepping 9, GenuineIntel



---------------  S Y S T E M  ---------------

OS: Windows 8 , 64 bit Build 9200 

CPU:total 4 (2 cores per cpu, 2 threads per core) family 6 model 58 stepping 9, cmov, cx8, fxsr, mmx, sse, sse2, sse3, ssse3, sse4.1, sse4.2, popcnt, avx, aes, erms, ht, tsc, tscinvbit, tscinv

Memory: 4k page, physical 8078124k(3849608k free), swap 16204588k(10854412k free)

vm_info: Java HotSpot(TM) 64-Bit Server VM (24.45-b08) for windows-amd64 JRE (1.7.0_45-b18), built on Oct  8 2013 05:47:22 by "java_re" with unknown MS VC++:1600

time: Mon Dec 09 13:21:02 2013
elapsed time: 0 seconds

