#
# A fatal error has been detected by the Java Runtime Environment:
#
#  Internal Error (javaClasses.cpp:136), pid=2988, tid=1276
#  fatal error: Invalid layout of preloaded class
#
# JRE version:  (7.0_45-b18) (build )
# Java VM: Java HotSpot(TM) 64-Bit Server VM (24.45-b08 mixed mode windows-amd64 compressed oops)
# Failed to write core dump. Minidumps are not enabled by default on client versions of Windows
#
# If you would like to submit a bug report, please visit:
#   http://bugreport.sun.com/bugreport/crash.jsp
#

---------------  T H R E A D  ---------------

Current thread (0x00000000027de800):  JavaThread "Unknown thread" [_thread_in_vm, id=1276, stack(0x0000000002510000,0x0000000002610000)]

Stack: [0x0000000002510000,0x0000000002610000]

---------------  P R O C E S S  ---------------

Java Threads: ( => current thread )

Other Threads:

=>0x00000000027de800 (exited) JavaThread "Unknown thread" [_thread_in_vm, id=1276, stack(0x0000000002510000,0x0000000002610000)]

VM state:not at safepoint (not fully initialized)

VM Mutex/Monitor currently owned by a thread: None

GC Heap History (0 events):
No events

Deoptimization events (0 events):
No events

Internal exceptions (0 events):
No events

Events (10 events):
Event: 0.007 loading class 0x00000000026945b0 done
Event: 0.007 loading class 0x0000000002693fd0 done
Event: 0.007 loading class 0x0000000002693fb0
Event: 0.007 loading class 0x000000000269c0b0
Event: 0.007 loading class 0x000000000269c0b0 done
Event: 0.007 loading class 0x000000000269c0e0
Event: 0.007 loading class 0x000000000269c0e0 done
Event: 0.007 loading class 0x000000000269c110
Event: 0.007 loading class 0x000000000269c110 done
Event: 0.008 loading class 0x0000000002693fb0 done


Dynamic libraries:
0x000007f6d87c0000 - 0x000007f6d87f3000 	C:\Program Files\Java\jre7\bin\javaw.exe
0x000007fc57850000 - 0x000007fc57a10000 	C:\Windows\SYSTEM32\ntdll.dll
0x000007fc551d0000 - 0x000007fc55306000 	C:\Windows\system32\KERNEL32.DLL
0x000007fc54960000 - 0x000007fc54a53000 	C:\Windows\system32\KERNELBASE.dll
0x000007fc56f50000 - 0x000007fc5702e000 	C:\Windows\system32\ADVAPI32.dll
0x000007fc57700000 - 0x000007fc5784c000 	C:\Windows\system32\USER32.dll
0x000007fc52220000 - 0x000007fc5248a000 	C:\Windows\WinSxS\amd64_microsoft.windows.common-controls_6595b64144ccf1df_6.0.9200.16579_none_418ab7ef718b27ef\COMCTL32.dll
0x000007fc57220000 - 0x000007fc572c5000 	C:\Windows\system32\msvcrt.dll
0x000007fc57420000 - 0x000007fc57468000 	C:\Windows\SYSTEM32\sechost.dll
0x000007fc572d0000 - 0x000007fc57415000 	C:\Windows\system32\RPCRT4.dll
0x000007fc57030000 - 0x000007fc57171000 	C:\Windows\system32\GDI32.dll
0x000007fc56d70000 - 0x000007fc56da9000 	C:\Windows\system32\IMM32.DLL
0x000007fc55970000 - 0x000007fc55a86000 	C:\Windows\system32\MSCTF.dll
0x0000000053740000 - 0x0000000053812000 	C:\Program Files\Java\jre7\bin\msvcr100.dll
0x0000000052f70000 - 0x0000000053739000 	C:\Program Files\Java\jre7\bin\server\jvm.dll
0x000007fc4c130000 - 0x000007fc4c139000 	C:\Windows\SYSTEM32\WSOCK32.dll
0x000007fc4cd60000 - 0x000007fc4cd80000 	C:\Windows\SYSTEM32\WINMM.dll
0x000007fc55310000 - 0x000007fc55317000 	C:\Windows\system32\PSAPI.DLL
0x000007fc55100000 - 0x000007fc55158000 	C:\Windows\system32\WS2_32.dll
0x000007fc4cd00000 - 0x000007fc4cd33000 	C:\Windows\SYSTEM32\WINMMBASE.dll
0x000007fc55620000 - 0x000007fc55629000 	C:\Windows\system32\NSI.dll
0x000007fc54910000 - 0x000007fc5495f000 	C:\Windows\SYSTEM32\cfgmgr32.dll
0x000007fc54830000 - 0x000007fc54852000 	C:\Windows\system32\DEVOBJ.dll
0x0000000053b30000 - 0x0000000053b3f000 	C:\Program Files\Java\jre7\bin\verify.dll
0x0000000052f40000 - 0x0000000052f68000 	C:\Program Files\Java\jre7\bin\java.dll
0x0000000052f20000 - 0x0000000052f35000 	C:\Program Files\Java\jre7\bin\zip.dll

VM Arguments:
jvm_args: -Dfile.encoding=Cp1252 -Xbootclasspath:C:\Android\adt-bundle-windows-x86_64-20131030\sdk\platforms\android-19\android.jar 
java_command: com.rest.RestGet
Launcher Type: SUN_STANDARD

Environment Variables:
PATH=C:\Windows\system32;C:\Windows;C:\Windows\System32\Wbem;C:\Windows\System32\WindowsPowerShell\v1.0\;C:\Android\
USERNAME=Vincent
OS=Windows_NT
PROCESSOR_IDENTIFIER=Intel64 Family 6 Model 58 Stepping 9, GenuineIntel



---------------  S Y S T E M  ---------------

OS: Windows 8 , 64 bit Build 9200 

CPU:total 4 (2 cores per cpu, 2 threads per core) family 6 model 58 stepping 9, cmov, cx8, fxsr, mmx, sse, sse2, sse3, ssse3, sse4.1, sse4.2, popcnt, avx, aes, erms, ht, tsc, tscinvbit, tscinv

Memory: 4k page, physical 8078124k(1826916k free), swap 16204588k(9525440k free)

vm_info: Java HotSpot(TM) 64-Bit Server VM (24.45-b08) for windows-amd64 JRE (1.7.0_45-b18), built on Oct  8 2013 05:47:22 by "java_re" with unknown MS VC++:1600

time: Sun Dec 01 15:35:33 2013
elapsed time: 0 seconds

