#
# A fatal error has been detected by the Java Runtime Environment:
#
#  Internal Error (javaClasses.cpp:136), pid=5648, tid=6828
#  fatal error: Invalid layout of preloaded class
#
# JRE version:  (7.0_45-b18) (build )
# Java VM: Java HotSpot(TM) 64-Bit Server VM (24.45-b08 mixed mode windows-amd64 compressed oops)
# Failed to write core dump. Minidumps are not enabled by default on client versions of Windows
#
# If you would like to submit a bug report, please visit:
#   http://bugreport.sun.com/bugreport/crash.jsp
#

---------------  T H R E A D  ---------------

Current thread (0x00000000028be800):  JavaThread "Unknown thread" [_thread_in_vm, id=6828, stack(0x0000000002760000,0x0000000002860000)]

Stack: [0x0000000002760000,0x0000000002860000]

---------------  P R O C E S S  ---------------

Java Threads: ( => current thread )

Other Threads:

=>0x00000000028be800 (exited) JavaThread "Unknown thread" [_thread_in_vm, id=6828, stack(0x0000000002760000,0x0000000002860000)]

VM state:not at safepoint (not fully initialized)

VM Mutex/Monitor currently owned by a thread: None

GC Heap History (0 events):
No events

Deoptimization events (0 events):
No events

Internal exceptions (0 events):
No events

Events (10 events):
Event: 0.007 loading class 0x0000000002904880 done
Event: 0.007 loading class 0x00000000029042a0 done
Event: 0.007 loading class 0x0000000002904280
Event: 0.007 loading class 0x000000000290c380
Event: 0.007 loading class 0x000000000290c380 done
Event: 0.007 loading class 0x000000000290c3b0
Event: 0.007 loading class 0x000000000290c3b0 done
Event: 0.007 loading class 0x000000000290c3e0
Event: 0.007 loading class 0x000000000290c3e0 done
Event: 0.007 loading class 0x0000000002904280 done


Dynamic libraries:
0x000007f668ef0000 - 0x000007f668f23000 	C:\Program Files\Java\jre7\bin\javaw.exe
0x000007f9142d0000 - 0x000007f914490000 	C:\Windows\SYSTEM32\ntdll.dll
0x000007f9129e0000 - 0x000007f912b16000 	C:\Windows\system32\KERNEL32.DLL
0x000007f911430000 - 0x000007f911523000 	C:\Windows\system32\KERNELBASE.dll
0x000007f912900000 - 0x000007f9129de000 	C:\Windows\system32\ADVAPI32.dll
0x000007f911c40000 - 0x000007f911d8c000 	C:\Windows\system32\USER32.dll
0x000007f90ebe0000 - 0x000007f90ee4a000 	C:\Windows\WinSxS\amd64_microsoft.windows.common-controls_6595b64144ccf1df_6.0.9200.16579_none_418ab7ef718b27ef\COMCTL32.dll
0x000007f912c40000 - 0x000007f912ce5000 	C:\Windows\system32\msvcrt.dll
0x000007f912f40000 - 0x000007f912f88000 	C:\Windows\SYSTEM32\sechost.dll
0x000007f912d00000 - 0x000007f912e45000 	C:\Windows\system32\RPCRT4.dll
0x000007f9116c0000 - 0x000007f911801000 	C:\Windows\system32\GDI32.dll
0x000007f912f90000 - 0x000007f912fc9000 	C:\Windows\system32\IMM32.DLL
0x000007f912b20000 - 0x000007f912c36000 	C:\Windows\system32\MSCTF.dll
0x0000000063770000 - 0x0000000063842000 	C:\Program Files\Java\jre7\bin\msvcr100.dll
0x0000000062fa0000 - 0x0000000063769000 	C:\Program Files\Java\jre7\bin\server\jvm.dll
0x000007f90e570000 - 0x000007f90e579000 	C:\Windows\SYSTEM32\WSOCK32.dll
0x000007f90a2f0000 - 0x000007f90a310000 	C:\Windows\SYSTEM32\WINMM.dll
0x000007f9128f0000 - 0x000007f9128f7000 	C:\Windows\system32\PSAPI.DLL
0x000007f9120f0000 - 0x000007f912148000 	C:\Windows\system32\WS2_32.dll
0x000007f90a290000 - 0x000007f90a2c3000 	C:\Windows\SYSTEM32\WINMMBASE.dll
0x000007f912fd0000 - 0x000007f912fd9000 	C:\Windows\system32\NSI.dll
0x000007f911670000 - 0x000007f9116bf000 	C:\Windows\SYSTEM32\cfgmgr32.dll
0x000007f911530000 - 0x000007f911552000 	C:\Windows\system32\DEVOBJ.dll
0x0000000063e10000 - 0x0000000063e1f000 	C:\Program Files\Java\jre7\bin\verify.dll
0x0000000062f70000 - 0x0000000062f98000 	C:\Program Files\Java\jre7\bin\java.dll
0x0000000062f50000 - 0x0000000062f65000 	C:\Program Files\Java\jre7\bin\zip.dll

VM Arguments:
jvm_args: -Dfile.encoding=Cp1252 -Xbootclasspath:C:\Android\adt-bundle-windows-x86_64-20131030\sdk\platforms\android-19\android.jar 
java_command: com.rest.TestMain
Launcher Type: SUN_STANDARD

Environment Variables:
PATH=C:\Windows\system32;C:\Windows;C:\Windows\System32\Wbem;C:\Windows\System32\WindowsPowerShell\v1.0\;C:\Android\
USERNAME=Vincent
OS=Windows_NT
PROCESSOR_IDENTIFIER=Intel64 Family 6 Model 58 Stepping 9, GenuineIntel



---------------  S Y S T E M  ---------------

OS: Windows 8 , 64 bit Build 9200 

CPU:total 4 (2 cores per cpu, 2 threads per core) family 6 model 58 stepping 9, cmov, cx8, fxsr, mmx, sse, sse2, sse3, ssse3, sse4.1, sse4.2, popcnt, avx, aes, erms, ht, tsc, tscinvbit, tscinv

Memory: 4k page, physical 8078124k(4808484k free), swap 16204588k(12149252k free)

vm_info: Java HotSpot(TM) 64-Bit Server VM (24.45-b08) for windows-amd64 JRE (1.7.0_45-b18), built on Oct  8 2013 05:47:22 by "java_re" with unknown MS VC++:1600

time: Fri Dec 06 13:05:33 2013
elapsed time: 0 seconds

